Using pre-set license
Built from '2022.1/staging' branch; Version is '2022.1.20f1 (01d83b40d570) revision 120891'; Using compiler version '192829333'; Build Type 'Release'
OS: 'Windows 11  (10.0.22000) 64bit Core' Language: 'en' Physical Memory: 16216 MB
BatchMode: 1, IsHumanControllingUs: 0, StartBugReporterOnCrash: 0, Is64bit: 1, IsPro: 1

COMMAND LINE ARGUMENTS:
C:\Program Files\Unity\Hub\Editor\2022.1.20f1\Editor\Unity.exe
-adb2
-batchMode
-noUpm
-name
AssetImportWorker2
-projectPath
C:/Users/chuan/Documents/GitHub/GameCW/Game
-logFile
Logs/AssetImportWorker2.log
-srvPort
53005
Successfully changed project path to: C:/Users/chuan/Documents/GitHub/GameCW/Game
C:/Users/chuan/Documents/GitHub/GameCW/Game
[UnityMemory] Configuration Parameters - Can be set up in boot.config
    "memorysetup-bucket-allocator-granularity=16"
    "memorysetup-bucket-allocator-bucket-count=8"
    "memorysetup-bucket-allocator-block-size=33554432"
    "memorysetup-bucket-allocator-block-count=8"
    "memorysetup-main-allocator-block-size=16777216"
    "memorysetup-thread-allocator-block-size=16777216"
    "memorysetup-gfx-main-allocator-block-size=16777216"
    "memorysetup-gfx-thread-allocator-block-size=16777216"
    "memorysetup-cache-allocator-block-size=4194304"
    "memorysetup-typetree-allocator-block-size=2097152"
    "memorysetup-profiler-bucket-allocator-granularity=16"
    "memorysetup-profiler-bucket-allocator-bucket-count=8"
    "memorysetup-profiler-bucket-allocator-block-size=33554432"
    "memorysetup-profiler-bucket-allocator-block-count=8"
    "memorysetup-profiler-allocator-block-size=16777216"
    "memorysetup-profiler-editor-allocator-block-size=1048576"
    "memorysetup-temp-allocator-size-main=16777216"
    "memorysetup-job-temp-allocator-block-size=2097152"
    "memorysetup-job-temp-allocator-block-size-background=1048576"
    "memorysetup-job-temp-allocator-reduction-small-platforms=262144"
    "memorysetup-temp-allocator-size-background-worker=32768"
    "memorysetup-temp-allocator-size-job-worker=262144"
    "memorysetup-temp-allocator-size-preload-manager=33554432"
    "memorysetup-temp-allocator-size-nav-mesh-worker=65536"
    "memorysetup-temp-allocator-size-audio-worker=65536"
    "memorysetup-temp-allocator-size-cloud-worker=32768"
    "memorysetup-temp-allocator-size-gi-baking-worker=262144"
    "memorysetup-temp-allocator-size-gfx=262144"
Refreshing native plugins compatible for Editor in 107.44 ms, found 3 plugins.
Preloading 0 native plugins for Editor in 0.00 ms.
Initialize engine version: 2022.1.20f1 (01d83b40d570)
[Subsystems] Discovering subsystems at path C:/Program Files/Unity/Hub/Editor/2022.1.20f1/Editor/Data/Resources/UnitySubsystems
[Subsystems] Discovering subsystems at path C:/Users/chuan/Documents/GitHub/GameCW/Game/Assets
GfxDevice: creating device client; threaded=0; jobified=0
Direct3D:
    Version:  Direct3D 11.0 [level 11.1]
    Renderer: NVIDIA GeForce RTX 2070 Super (ID=0x1e91)
    Vendor:   NVIDIA
    VRAM:     8012 MB
    Driver:   31.0.15.1700
Initialize mono
Mono path[0] = 'C:/Program Files/Unity/Hub/Editor/2022.1.20f1/Editor/Data/Managed'
Mono path[1] = 'C:/Program Files/Unity/Hub/Editor/2022.1.20f1/Editor/Data/MonoBleedingEdge/lib/mono/unityjit-win32'
Mono config path = 'C:/Program Files/Unity/Hub/Editor/2022.1.20f1/Editor/Data/MonoBleedingEdge/etc'
Using monoOptions --debugger-agent=transport=dt_socket,embedding=1,server=y,suspend=n,address=127.0.0.1:56868
Begin MonoManager ReloadAssembly
Registering precompiled unity dll's ...
Register platform support module: C:/Program Files/Unity/Hub/Editor/2022.1.20f1/Editor/Data/PlaybackEngines/WebGLSupport/UnityEditor.WebGL.Extensions.dll
Register platform support module: C:/Program Files/Unity/Hub/Editor/2022.1.20f1/Editor/Data/PlaybackEngines/AndroidPlayer/UnityEditor.Android.Extensions.dll
Register platform support module: C:/Program Files/Unity/Hub/Editor/2022.1.20f1/Editor/Data/PlaybackEngines/WindowsStandaloneSupport/UnityEditor.WindowsStandalone.Extensions.dll
Registered in 0.005621 seconds.
Native extension for WindowsStandalone target not found
Native extension for Android target not found
Native extension for WebGL target not found
Refreshing native plugins compatible for Editor in 102.11 ms, found 3 plugins.
Preloading 0 native plugins for Editor in 0.00 ms.
Mono: successfully reloaded assembly
- Completed reload, in  0.798 seconds
Domain Reload Profiling:
	ReloadAssembly (799ms)
		BeginReloadAssembly (74ms)
			ExecutionOrderSort (0ms)
			DisableScriptedObjects (0ms)
			BackupInstance (0ms)
			ReleaseScriptingObjects (0ms)
			CreateAndSetChildDomain (1ms)
		EndReloadAssembly (595ms)
			LoadAssemblies (72ms)
			RebuildTransferFunctionScriptingTraits (0ms)
			SetupTypeCache (139ms)
				TypeCache.Initialize (139ms)
					TypeCache.ScanAssembly (137ms)
				ResolveRequiredComponents (1ms)
			ReleaseScriptCaches (0ms)
			RebuildScriptCaches (41ms)
			SetupLoadedEditorAssemblies (357ms)
				LogAssemblyErrors (0ms)
				InitializePlatformSupportModulesInManaged (71ms)
				SetLoadedEditorAssemblies (11ms)
				RefreshPlugins (102ms)
				BeforeProcessingInitializeOnLoad (2ms)
				ProcessInitializeOnLoadAttributes (126ms)
				ProcessInitializeOnLoadMethodAttributes (46ms)
				AfterProcessingInitializeOnLoad (0ms)
				EditorAssembliesLoaded (0ms)
			ExecutionOrderSort2 (0ms)
			AwakeInstancesAfterBackupRestoration (0ms)
Platform modules already initialized, skipping
Registering precompiled user dll's ...
Registered in 0.005027 seconds.
Begin MonoManager ReloadAssembly
Symbol file LoadedFromMemory doesn't match image C:\Users\chuan\Documents\GitHub\GameCW\Game\Library\PackageCache\com.unity.visualscripting@1.7.8\Editor\VisualScripting.Core\Dependencies\YamlDotNet\Unity.VisualScripting.YamlDotNet.dll
Symbol file LoadedFromMemory doesn't match image C:\Users\chuan\Documents\GitHub\GameCW\Game\Library\PackageCache\com.unity.visualscripting@1.7.8\Editor\VisualScripting.Core\Dependencies\DotNetZip\Unity.VisualScripting.IonicZip.dll
Native extension for WindowsStandalone target not found
Native extension for Android target not found
Native extension for WebGL target not found
Refreshing native plugins compatible for Editor in 87.38 ms, found 3 plugins.
Preloading 0 native plugins for Editor in 0.00 ms.
Mono: successfully reloaded assembly
- Completed reload, in  1.419 seconds
Domain Reload Profiling:
	ReloadAssembly (1420ms)
		BeginReloadAssembly (229ms)
			ExecutionOrderSort (0ms)
			DisableScriptedObjects (5ms)
			BackupInstance (0ms)
			ReleaseScriptingObjects (0ms)
			CreateAndSetChildDomain (133ms)
		EndReloadAssembly (1071ms)
			LoadAssemblies (84ms)
			RebuildTransferFunctionScriptingTraits (0ms)
			SetupTypeCache (336ms)
				TypeCache.Initialize (328ms)
					TypeCache.ScanAssembly (321ms)
				ResolveRequiredComponents (7ms)
			ReleaseScriptCaches (1ms)
			RebuildScriptCaches (60ms)
			SetupLoadedEditorAssemblies (529ms)
				LogAssemblyErrors (0ms)
				InitializePlatformSupportModulesInManaged (16ms)
				SetLoadedEditorAssemblies (7ms)
				RefreshPlugins (88ms)
				BeforeProcessingInitializeOnLoad (93ms)
				ProcessInitializeOnLoadAttributes (296ms)
				ProcessInitializeOnLoadMethodAttributes (24ms)
				AfterProcessingInitializeOnLoad (6ms)
				EditorAssembliesLoaded (0ms)
			ExecutionOrderSort2 (0ms)
			AwakeInstancesAfterBackupRestoration (5ms)
Platform modules already initialized, skipping
========================================================================
Worker process is ready to serve import requests
Launched and connected shader compiler UnityShaderCompiler.exe after 0.05 seconds
Refreshing native plugins compatible for Editor in 0.77 ms, found 3 plugins.
Preloading 0 native plugins for Editor in 0.00 ms.
Unloading 3782 Unused Serialized files (Serialized files now loaded: 0)
Unloading 29 unused Assets / (59.0 KB). Loaded Objects now: 4251.
Memory consumption went from 0.57 GB to 0.57 GB.
Total: 4.743600 ms (FindLiveObjects: 0.573000 ms CreateObjectMapping: 0.468800 ms MarkObjects: 3.636700 ms  DeleteObjects: 0.064400 ms)

AssetImportParameters requested are different than current active one (requested -> active):
  custom:video-decoder-ogg-theora: a1e56fd34408186e4bbccfd4996cb3dc -> 
  custom:container-muxer-webm: aa71ff27fc2769a1b78a27578f13a17b -> 
  custom:container-demuxer-webm: 4f35f7cbe854078d1ac9338744f61a02 -> 
  custom:video-encoder-webm-vp8: eb34c28f22e8b96e1ab97ce403110664 -> 
  custom:video-codec-MediaFoundation-h265: e54d7ab0439102e2317fc1e4b246158d -> 
  custom:audio-encoder-webm-vorbis: bf7c407c2cedff20999df2af8eb42d56 -> 
  custom:framework-win-MediaFoundation: 216162199b28c13a410421893ffa2e32 -> 
  custom:container-demuxer-ogg: 62fdf1f143b41e24485cea50d1cbac27 -> 
  custom:video-decoder-webm-vp8: 9c59270c3fd7afecdb556c50c9e8de78 -> 
  custom:audio-decoder-ogg-vorbis: bf7c407c2cedff20999df2af8eb42d56 -> 
========================================================================
Received Import Request.
  Time since last request: 1230170.380245 seconds.
  path: Assets/Survival Tools/Meshes
  artifactKey: Guid(5ace7175eeea8f44985b2c1c0831a213) Importer(815301076,1909f56bfc062723c751e8b465ee728b)
Start importing Assets/Survival Tools/Meshes using Guid(5ace7175eeea8f44985b2c1c0831a213) Importer(815301076,1909f56bfc062723c751e8b465ee728b)  -> (artifact id: '4240099d9be33154aa02ba37ca83bdb8') in 0.005831 seconds 
========================================================================
Received Import Request.
  Time since last request: 0.141481 seconds.
  path: Assets/Survival Tools/Meshes/Backdrop.fbx
  artifactKey: Guid(a4e2fb6568555044aad6812203693103) Importer(815301076,1909f56bfc062723c751e8b465ee728b)
Start importing Assets/Survival Tools/Meshes/Backdrop.fbx using Guid(a4e2fb6568555044aad6812203693103) Importer(815301076,1909f56bfc062723c751e8b465ee728b)  -> (artifact id: 'bf0115fe2c52d071620f07664d0f2d22') in 0.192985 seconds 
========================================================================
Received Import Request.
  Time since last request: 2.828993 seconds.
  path: Assets/Survival Tools/Materials
  artifactKey: Guid(12a1ef31ab682d147833e21d3a46813d) Importer(815301076,1909f56bfc062723c751e8b465ee728b)
Start importing Assets/Survival Tools/Materials using Guid(12a1ef31ab682d147833e21d3a46813d) Importer(815301076,1909f56bfc062723c751e8b465ee728b)  -> (artifact id: '4c1cd5a670082d776dd50b3636bc9745') in 0.005093 seconds 
========================================================================
Received Import Request.
  Time since last request: 0.141123 seconds.
  path: Assets/Survival Tools/Materials/Backdrop.mat
  artifactKey: Guid(3bf3db869030b8449957119ed8626a3c) Importer(815301076,1909f56bfc062723c751e8b465ee728b)
Start importing Assets/Survival Tools/Materials/Backdrop.mat using Guid(3bf3db869030b8449957119ed8626a3c) Importer(815301076,1909f56bfc062723c751e8b465ee728b)  -> (artifact id: 'ce4e720412b822b0e6e735f1a0d56575') in 0.019559 seconds 
========================================================================
Received Import Request.
  Time since last request: 0.000023 seconds.
  path: Assets/Survival Tools/Materials/WalkieNumbers.mat
  artifactKey: Guid(498b603ba0c5c964cb0092435439b0f3) Importer(815301076,1909f56bfc062723c751e8b465ee728b)
Start importing Assets/Survival Tools/Materials/WalkieNumbers.mat using Guid(498b603ba0c5c964cb0092435439b0f3) Importer(815301076,1909f56bfc062723c751e8b465ee728b)  -> (artifact id: '6b88845b69bdbf66a62f181c7868a57b') in 0.022436 seconds 
========================================================================
Received Import Request.
  Time since last request: 0.000021 seconds.
  path: Assets/Survival Tools/Materials/Walkie.mat
  artifactKey: Guid(160e393992debaf489d3979bb43d2a4c) Importer(815301076,1909f56bfc062723c751e8b465ee728b)
Start importing Assets/Survival Tools/Materials/Walkie.mat using Guid(160e393992debaf489d3979bb43d2a4c) Importer(815301076,1909f56bfc062723c751e8b465ee728b)  -> (artifact id: '4fae48bf883625c383cdc70dc2030154') in 0.137704 seconds 
========================================================================
Received Import Request.
  Time since last request: 0.000197 seconds.
  path: Assets/Survival Tools/Materials/Pills.mat
  artifactKey: Guid(07eec9d53354822438d51a2634283947) Importer(815301076,1909f56bfc062723c751e8b465ee728b)
Start importing Assets/Survival Tools/Materials/Pills.mat using Guid(07eec9d53354822438d51a2634283947) Importer(815301076,1909f56bfc062723c751e8b465ee728b)  -> (artifact id: '5a9370aefd9c12250bd4c55446ee12f1') in 0.273387 seconds 
========================================================================
Received Import Request.
  Time since last request: 6.148783 seconds.
  path: Assets/Survival Tools/Textures
  artifactKey: Guid(2b98b995196b3284390ea7e47fa58c72) Importer(815301076,1909f56bfc062723c751e8b465ee728b)
Start importing Assets/Survival Tools/Textures using Guid(2b98b995196b3284390ea7e47fa58c72) Importer(815301076,1909f56bfc062723c751e8b465ee728b)  -> (artifact id: '119929850db958ad587943a8ec803dec') in 0.006009 seconds 
========================================================================
Received Import Request.
  Time since last request: 0.023572 seconds.
  path: Assets/Survival Tools/Textures/small_hangar_01.png
  artifactKey: Guid(2052b4a51949db843ab4903962c7e258) Importer(815301076,1909f56bfc062723c751e8b465ee728b)
Start importing Assets/Survival Tools/Textures/small_hangar_01.png using Guid(2052b4a51949db843ab4903962c7e258) Importer(815301076,1909f56bfc062723c751e8b465ee728b)  -> (artifact id: '8dcf5caa79ed31152c279876fcb0e743') in 0.044321 seconds 
========================================================================
Received Import Request.
  Time since last request: 0.000019 seconds.
  path: Assets/Survival Tools/Textures/survivaltools2_FirstAidKit_MetallicSmoothness.png
  artifactKey: Guid(1744a4533365c1e4384ac1ff5405a398) Importer(815301076,1909f56bfc062723c751e8b465ee728b)
Start importing Assets/Survival Tools/Textures/survivaltools2_FirstAidKit_MetallicSmoothness.png using Guid(1744a4533365c1e4384ac1ff5405a398) Importer(815301076,1909f56bfc062723c751e8b465ee728b)  -> (artifact id: '8bb454328a499d751ce7a299d1f0af27') in 0.023488 seconds 
========================================================================
Received Import Request.
  Time since last request: 0.000021 seconds.
  path: Assets/Survival Tools/Textures/survivaltools2_FirstAidKit_AlbedoTransparency.png
  artifactKey: Guid(975e2499647c25d429b8b5a3cea85182) Importer(815301076,1909f56bfc062723c751e8b465ee728b)
Start importing Assets/Survival Tools/Textures/survivaltools2_FirstAidKit_AlbedoTransparency.png using Guid(975e2499647c25d429b8b5a3cea85182) Importer(815301076,1909f56bfc062723c751e8b465ee728b)  -> (artifact id: '64a34ee83e983123c7750ec02ea70872') in 0.022558 seconds 
========================================================================
Received Import Request.
  Time since last request: 0.000016 seconds.
  path: Assets/Survival Tools/Textures/survivaltools2_Walkie_MetallicSmoothness.png
  artifactKey: Guid(f8274b237a8cabe44a34fc3d5b8b09a8) Importer(815301076,1909f56bfc062723c751e8b465ee728b)
Start importing Assets/Survival Tools/Textures/survivaltools2_Walkie_MetallicSmoothness.png using Guid(f8274b237a8cabe44a34fc3d5b8b09a8) Importer(815301076,1909f56bfc062723c751e8b465ee728b)  -> (artifact id: '39e45a9945d03fc0c4f66180518f5152') in 0.017762 seconds 
========================================================================
Received Import Request.
  Time since last request: 0.000043 seconds.
  path: Assets/Survival Tools/Textures/survivaltools2_Matches_AlbedoTransparency.png
  artifactKey: Guid(c781494611a5b374c9111980bcd06014) Importer(815301076,1909f56bfc062723c751e8b465ee728b)
Start importing Assets/Survival Tools/Textures/survivaltools2_Matches_AlbedoTransparency.png using Guid(c781494611a5b374c9111980bcd06014) Importer(815301076,1909f56bfc062723c751e8b465ee728b)  -> (artifact id: 'ec87fc2e70e06c5cbfc1e97b75e98c33') in 0.019279 seconds 
========================================================================
Received Import Request.
  Time since last request: 0.000045 seconds.
  path: Assets/Survival Tools/Textures/survivaltools2_Flashlight_AlbedoTransparency.png
  artifactKey: Guid(28a399bd217c46246b403726c54301c7) Importer(815301076,1909f56bfc062723c751e8b465ee728b)
Start importing Assets/Survival Tools/Textures/survivaltools2_Flashlight_AlbedoTransparency.png using Guid(28a399bd217c46246b403726c54301c7) Importer(815301076,1909f56bfc062723c751e8b465ee728b)  -> (artifact id: '4b8cecb4ac536f3e0c80b967d9aa6cb6') in 0.022233 seconds 
========================================================================
Received Import Request.
  Time since last request: 0.000023 seconds.
  path: Assets/Survival Tools/Textures/survivaltools2_Pills_MetallicSmoothness.png
  artifactKey: Guid(1e893959594c0934cb2a89d63c57ee1d) Importer(815301076,1909f56bfc062723c751e8b465ee728b)
Start importing Assets/Survival Tools/Textures/survivaltools2_Pills_MetallicSmoothness.png using Guid(1e893959594c0934cb2a89d63c57ee1d) Importer(815301076,1909f56bfc062723c751e8b465ee728b)  -> (artifact id: 'a4b0627de16fd1fc9025f4be79dac251') in 0.019137 seconds 
========================================================================
Received Import Request.
  Time since last request: 0.000019 seconds.
  path: Assets/Survival Tools/Textures/survivaltools2_Matches_MetallicSmoothness.png
  artifactKey: Guid(99d1303e6ffdf874aa7e842d96f756ba) Importer(815301076,1909f56bfc062723c751e8b465ee728b)
Start importing Assets/Survival Tools/Textures/survivaltools2_Matches_MetallicSmoothness.png using Guid(99d1303e6ffdf874aa7e842d96f756ba) Importer(815301076,1909f56bfc062723c751e8b465ee728b)  -> (artifact id: 'c755fa2699cea3792098068127036e60') in 0.014982 seconds 
========================================================================
Received Import Request.
  Time since last request: 7.266785 seconds.
  path: Assets/Survival Tools/ReadMe
  artifactKey: Guid(36bd3519d530344418ab200f8f170e11) Importer(815301076,1909f56bfc062723c751e8b465ee728b)
Start importing Assets/Survival Tools/ReadMe using Guid(36bd3519d530344418ab200f8f170e11) Importer(815301076,1909f56bfc062723c751e8b465ee728b)  -> (artifact id: '36a475e8a8f46f5d4f60efe90de7ac1f') in 0.004870 seconds 
========================================================================
Received Import Request.
  Time since last request: 3.189087 seconds.
  path: Assets/Survival Tools/ReadMe/ReadMe.txt
  artifactKey: Guid(9c96f517ca5bc674597c3e367df379cf) Importer(815301076,1909f56bfc062723c751e8b465ee728b)
Start importing Assets/Survival Tools/ReadMe/ReadMe.txt using Guid(9c96f517ca5bc674597c3e367df379cf) Importer(815301076,1909f56bfc062723c751e8b465ee728b)  -> (artifact id: 'e3f183e90ba760048b27e93f7707456d') in 0.036264 seconds 
